<?xml version="1.0" encoding="UTF-8"?>
<testng-results ignored="0" total="1" passed="1" failed="0" skipped="0">
  <reporter-output>
  </reporter-output>
  <suite started-at="2021-01-03T05:08:31Z" name="Default suite" finished-at="2021-01-03T05:10:01Z" duration-ms="89450">
    <groups>
      <group name="cucumber">
        <method signature="AbstractTestNGCucumberTests.feature(cucumber.api.testng.CucumberFeatureWrapper)[pri:0, instance:zoopla.uk.myrunner.MyRunnerClass@3da30852]" name="feature" class="cucumber.api.testng.AbstractTestNGCucumberTests"/>
      </group> <!-- cucumber -->
    </groups>
    <test started-at="2021-01-03T05:08:31Z" name="Default test" finished-at="2021-01-03T05:10:01Z" duration-ms="89450">
      <class name="zoopla.uk.myrunner.MyRunnerClass">
        <test-method is-config="true" signature="setUpClass()[pri:0, instance:zoopla.uk.myrunner.MyRunnerClass@3da30852]" started-at="2021-01-03T05:08:31Z" name="setUpClass" finished-at="2021-01-03T05:08:32Z" duration-ms="449" status="PASS">
          <reporter-output>
          </reporter-output>
        </test-method> <!-- setUpClass -->
        <test-method signature="feature(cucumber.api.testng.CucumberFeatureWrapper)[pri:0, instance:zoopla.uk.myrunner.MyRunnerClass@3da30852]" started-at="2021-01-03T05:08:32Z" name="feature" description="Runs Cucumber Feature" data-provider="features" finished-at="2021-01-03T05:10:01Z" duration-ms="88800" status="PASS">
          <params>
            <param index="0">
              <value>
                <![CDATA[Zoopla users can buy & sell the property]]>
              </value>
            </param>
          </params>
          <reporter-output>
          </reporter-output>
        </test-method> <!-- feature -->
        <test-method is-config="true" signature="tearDownClass()[pri:0, instance:zoopla.uk.myrunner.MyRunnerClass@3da30852]" started-at="2021-01-03T05:10:01Z" name="tearDownClass" finished-at="2021-01-03T05:10:01Z" duration-ms="30" status="PASS">
          <reporter-output>
          </reporter-output>
        </test-method> <!-- tearDownClass -->
      </class> <!-- zoopla.uk.myrunner.MyRunnerClass -->
    </test> <!-- Default test -->
  </suite> <!-- Default suite -->
</testng-results>
