<?xml version="1.0" encoding="UTF-8"?>
<testng-results ignored="0" total="1" passed="1" failed="0" skipped="0">
  <reporter-output>
  </reporter-output>
  <suite started-at="2021-01-03T23:53:39Z" name="Suite1" finished-at="2021-01-03T23:53:55Z" duration-ms="15596">
    <groups>
      <group name="cucumber">
        <method signature="AbstractTestNGCucumberTests.feature(cucumber.api.testng.CucumberFeatureWrapper)[pri:0, instance:zoopla.uk.myrunner.MyRunnerClass@6a55299e]" name="feature" class="cucumber.api.testng.AbstractTestNGCucumberTests"/>
      </group> <!-- cucumber -->
    </groups>
    <test started-at="2021-01-03T23:53:39Z" name="Nopackage" finished-at="2021-01-03T23:53:55Z" duration-ms="15596">
      <class name="zoopla.uk.myrunner.MyRunnerClass">
        <test-method is-config="true" signature="setUpClass()[pri:0, instance:zoopla.uk.myrunner.MyRunnerClass@6a55299e]" started-at="2021-01-03T23:53:39Z" name="setUpClass" finished-at="2021-01-03T23:53:39Z" duration-ms="125" status="PASS">
          <reporter-output>
          </reporter-output>
        </test-method> <!-- setUpClass -->
        <test-method signature="feature(cucumber.api.testng.CucumberFeatureWrapper)[pri:0, instance:zoopla.uk.myrunner.MyRunnerClass@6a55299e]" started-at="2021-01-03T23:53:39Z" name="feature" description="Runs Cucumber Feature" data-provider="features" finished-at="2021-01-03T23:53:55Z" duration-ms="15278" status="PASS">
          <params>
            <param index="0">
              <value>
                <![CDATA[Zoopla users can buy & sell the property]]>
              </value>
            </param>
          </params>
          <reporter-output>
          </reporter-output>
        </test-method> <!-- feature -->
        <test-method is-config="true" signature="tearDownClass()[pri:0, instance:zoopla.uk.myrunner.MyRunnerClass@6a55299e]" started-at="2021-01-03T23:53:55Z" name="tearDownClass" finished-at="2021-01-03T23:53:55Z" duration-ms="10" status="PASS">
          <reporter-output>
          </reporter-output>
        </test-method> <!-- tearDownClass -->
      </class> <!-- zoopla.uk.myrunner.MyRunnerClass -->
    </test> <!-- Nopackage -->
  </suite> <!-- Suite1 -->
</testng-results>
